#
# There is insufficient memory for the Java Runtime Environment to continue.
# Native memory allocation (mmap) failed to map 130023424 bytes for G1 virtual space
# Possible reasons:
#   The system is out of physical RAM or swap space
#   The process is running with CompressedOops enabled, and the Java Heap may be blocking the growth of the native heap
# Possible solutions:
#   Reduce memory load on the system
#   Increase physical memory or swap space
#   Check if swap backing store is full
#   Decrease Java heap size (-Xmx/-Xms)
#   Decrease number of Java threads
#   Decrease Java thread stack sizes (-Xss)
#   Set larger code cache with -XX:ReservedCodeCacheSize=
#   JVM is running with Unscaled Compressed Oops mode in which the Java heap is
#     placed in the first 4GB address space. The Java Heap base address is the
#     maximum limit for the native heap growth. Please use -XX:HeapBaseMinAddress
#     to set the Java Heap base and to place the Java Heap above 4GB virtual address.
# This output file may be truncated or incomplete.
#
#  Out of Memory Error (os_windows.cpp:3769), pid=11164, tid=4092
#
# JRE version:  (17.0.6) (build )
# Java VM: OpenJDK 64-Bit Server VM (17.0.6+0-b2043.56-10027231, mixed mode, sharing, tiered, compressed oops, compressed class ptrs, g1 gc, windows-amd64)
# No core dump will be written. Minidumps are not enabled by default on client versions of Windows
#

---------------  S U M M A R Y ------------

Command Line: 

Host: 11th Gen Intel(R) Core(TM) i5-1135G7 @ 2.40GHz, 8 cores, 7G,  Windows 11 , 64 bit Build 22621 (10.0.22621.3235)
Time: Wed Apr 10 19:35:53 2024 India Standard Time elapsed time: 0.019054 seconds (0d 0h 0m 0s)

---------------  T H R E A D  ---------------

Current thread (0x0000023a18edec20):  JavaThread "Unknown thread" [_thread_in_vm, id=4092, stack(0x00000062fe700000,0x00000062fe800000)]

Stack: [0x00000062fe700000,0x00000062fe800000]
Native frames: (J=compiled Java code, j=interpreted, Vv=VM code, C=native code)
V  [jvm.dll+0x683c9a]
V  [jvm.dll+0x8427a4]
V  [jvm.dll+0x843f9e]
V  [jvm.dll+0x844603]
V  [jvm.dll+0x249b75]
V  [jvm.dll+0x680b69]
V  [jvm.dll+0x67505a]
V  [jvm.dll+0x309acb]
V  [jvm.dll+0x310f86]
V  [jvm.dll+0x3608ee]
V  [jvm.dll+0x360b1f]
V  [jvm.dll+0x2dfbf8]
V  [jvm.dll+0x2e0b64]
V  [jvm.dll+0x814091]
V  [jvm.dll+0x36e6a1]
V  [jvm.dll+0x7f35cc]
V  [jvm.dll+0x3f0e8f]
V  [jvm.dll+0x3f29d1]
C  [jli.dll+0x526b]
C  [ucrtbase.dll+0x29363]
C  [KERNEL32.DLL+0x1257d]
C  [ntdll.dll+0x5aa58]


---------------  P R O C E S S  ---------------

Threads class SMR info:
_java_thread_list=0x00007ffd47f9c058, length=0, elements={
}

Java Threads: ( => current thread )

Other Threads:
  0x0000023a18f392a0 GCTaskThread "GC Thread#0" [stack: 0x00000062fe800000,0x00000062fe900000] [id=1164]
  0x0000023a18f499e0 ConcurrentGCThread "G1 Main Marker" [stack: 0x00000062fe900000,0x00000062fea00000] [id=14888]
  0x0000023a18f4ab90 ConcurrentGCThread "G1 Conc#0" [stack: 0x00000062fea00000,0x00000062feb00000] [id=4732]

[error occurred during error reporting (printing all threads), id 0xc0000005, EXCEPTION_ACCESS_VIOLATION (0xc0000005) at pc=0x00007ffd47750797]

VM state: not at safepoint (not fully initialized)

VM Mutex/Monitor currently owned by a thread:  ([mutex/lock_event])
[0x0000023a18edb880] Heap_lock - owner thread: 0x0000023a18edec20

Heap address: 0x0000000084000000, size: 1984 MB, Compressed Oops mode: 32-bit

CDS archive(s) mapped at: [0x0000000000000000-0x0000000000000000-0x0000000000000000), size 0, SharedBaseAddress: 0x0000000800000000, ArchiveRelocationMode: 0.
Narrow klass base: 0x0000000000000000, Narrow klass shift: 0, Narrow klass range: 0x0

GC Precious Log:
<Empty>

Heap:
 garbage-first heap   total 0K, used 0K [0x0000000084000000, 0x0000000100000000)
  region size 1024K, 0 young (0K), 0 survivors (0K)

[error occurred during error reporting (printing heap information), id 0xc0000005, EXCEPTION_ACCESS_VIOLATION (0xc0000005) at pc=0x00007ffd47b3da89]

GC Heap History (0 events):
No events

Dll operation events (1 events):
Event: 0.012 Loaded shared library C:\Program Files\Android\Android Studio\jbr\bin\java.dll

Deoptimization events (0 events):
No events

Classes unloaded (0 events):
No events

Classes redefined (0 events):
No events

Internal exceptions (0 events):
No events

VM Operations (0 events):
No events

Events (0 events):
No events


Dynamic libraries:
0x00007ff73e7d0000 - 0x00007ff73e7da000 	C:\Program Files\Android\Android Studio\jbr\bin\java.EXE
0x00007ffde9d90000 - 0x00007ffde9fa6000 	C:\WINDOWS\SYSTEM32\ntdll.dll
0x00007ffde7b00000 - 0x00007ffde7bc4000 	C:\WINDOWS\System32\KERNEL32.DLL
0x00007ffde73e0000 - 0x00007ffde7786000 	C:\WINDOWS\System32\KERNELBASE.dll
0x00007ffde7850000 - 0x00007ffde7961000 	C:\WINDOWS\System32\ucrtbase.dll
0x00007ffd87c60000 - 0x00007ffd87c77000 	C:\Program Files\Android\Android Studio\jbr\bin\jli.dll
0x00007ffde8760000 - 0x00007ffde890d000 	C:\WINDOWS\System32\USER32.dll
0x00007ffde73b0000 - 0x00007ffde73d6000 	C:\WINDOWS\System32\win32u.dll
0x00007ffde8e50000 - 0x00007ffde8e79000 	C:\WINDOWS\System32\GDI32.dll
0x00007ffde71c0000 - 0x00007ffde72d8000 	C:\WINDOWS\System32\gdi32full.dll
0x00007ffde72e0000 - 0x00007ffde737a000 	C:\WINDOWS\System32\msvcp_win.dll
0x00007ffd87c40000 - 0x00007ffd87c5b000 	C:\Program Files\Android\Android Studio\jbr\bin\VCRUNTIME140.dll
0x00007ffdc47d0000 - 0x00007ffdc4a63000 	C:\WINDOWS\WinSxS\amd64_microsoft.windows.common-controls_6595b64144ccf1df_6.0.22621.3235_none_270f74e173860f98\COMCTL32.dll
0x00007ffde8660000 - 0x00007ffde8707000 	C:\WINDOWS\System32\msvcrt.dll
0x00007ffde8e10000 - 0x00007ffde8e41000 	C:\WINDOWS\System32\IMM32.DLL
0x00007ffddc6d0000 - 0x00007ffddc6dc000 	C:\Program Files\Android\Android Studio\jbr\bin\vcruntime140_1.dll
0x00007ffd85650000 - 0x00007ffd856dd000 	C:\Program Files\Android\Android Studio\jbr\bin\msvcp140.dll
0x00007ffd47460000 - 0x00007ffd480ce000 	C:\Program Files\Android\Android Studio\jbr\bin\server\jvm.dll
0x00007ffde7bd0000 - 0x00007ffde7c82000 	C:\WINDOWS\System32\ADVAPI32.dll
0x00007ffde81c0000 - 0x00007ffde8268000 	C:\WINDOWS\System32\sechost.dll
0x00007ffde7380000 - 0x00007ffde73a8000 	C:\WINDOWS\System32\bcrypt.dll
0x00007ffde8b90000 - 0x00007ffde8ca5000 	C:\WINDOWS\System32\RPCRT4.dll
0x00007ffda74e0000 - 0x00007ffda74e9000 	C:\WINDOWS\SYSTEM32\WSOCK32.dll
0x00007ffde8ab0000 - 0x00007ffde8b21000 	C:\WINDOWS\System32\WS2_32.dll
0x00007ffddc350000 - 0x00007ffddc384000 	C:\WINDOWS\SYSTEM32\WINMM.dll
0x00007ffdd9c80000 - 0x00007ffdd9c8a000 	C:\WINDOWS\SYSTEM32\VERSION.dll
0x00007ffde6110000 - 0x00007ffde6128000 	C:\WINDOWS\SYSTEM32\kernel.appcore.dll
0x00007ffd87c30000 - 0x00007ffd87c3a000 	C:\Program Files\Android\Android Studio\jbr\bin\jimage.dll
0x00007ffde49d0000 - 0x00007ffde4c03000 	C:\WINDOWS\SYSTEM32\DBGHELP.DLL
0x00007ffde7e30000 - 0x00007ffde81b8000 	C:\WINDOWS\System32\combase.dll
0x00007ffde9760000 - 0x00007ffde9837000 	C:\WINDOWS\System32\OLEAUT32.dll
0x00007ffdbde20000 - 0x00007ffdbde52000 	C:\WINDOWS\SYSTEM32\dbgcore.DLL
0x00007ffde7140000 - 0x00007ffde71ba000 	C:\WINDOWS\System32\bcryptPrimitives.dll
0x00007ffd87c00000 - 0x00007ffd87c25000 	C:\Program Files\Android\Android Studio\jbr\bin\java.dll

dbghelp: loaded successfully - version: 4.0.5 - missing functions: none
symbol engine: initialized successfully - sym options: 0x614 - pdb path: .;C:\Program Files\Android\Android Studio\jbr\bin;C:\WINDOWS\SYSTEM32;C:\WINDOWS\WinSxS\amd64_microsoft.windows.common-controls_6595b64144ccf1df_6.0.22621.3235_none_270f74e173860f98;C:\Program Files\Android\Android Studio\jbr\bin\server

VM Arguments:
java_command: <unknown>
java_class_path (initial): <not set>
Launcher Type: SUN_STANDARD

[Global flags]
     intx CICompilerCount                          = 4                                         {product} {ergonomic}
     uint ConcGCThreads                            = 2                                         {product} {ergonomic}
     uint G1ConcRefinementThreads                  = 8                                         {product} {ergonomic}
   size_t G1HeapRegionSize                         = 1048576                                   {product} {ergonomic}
    uintx GCDrainStackTargetSize                   = 64                                        {product} {ergonomic}
   size_t InitialHeapSize                          = 130023424                                 {product} {ergonomic}
   size_t MarkStackSize                            = 4194304                                   {product} {ergonomic}
   size_t MaxHeapSize                              = 2080374784                                {product} {ergonomic}
   size_t MinHeapDeltaBytes                        = 1048576                                   {product} {ergonomic}
   size_t MinHeapSize                              = 8388608                                   {product} {ergonomic}
    uintx NonNMethodCodeHeapSize                   = 5839372                                {pd product} {ergonomic}
    uintx NonProfiledCodeHeapSize                  = 122909434                              {pd product} {ergonomic}
    uintx ProfiledCodeHeapSize                     = 122909434                              {pd product} {ergonomic}
    uintx ReservedCodeCacheSize                    = 251658240                              {pd product} {ergonomic}
     bool SegmentedCodeCache                       = true                                      {product} {ergonomic}
   size_t SoftMaxHeapSize                          = 2080374784                             {manageable} {ergonomic}
     bool UseCompressedClassPointers               = true                           {product lp64_product} {ergonomic}
     bool UseCompressedOops                        = true                           {product lp64_product} {ergonomic}
     bool UseG1GC                                  = true                                      {product} {ergonomic}
     bool UseLargePagesIndividualAllocation        = false                                  {pd product} {ergonomic}

Logging:
Log output configuration:
 #0: stdout all=warning uptime,level,tags
 #1: stderr all=off uptime,level,tags

Environment Variables:
PATH=C:\Program Files\Common Files\Oracle\Java\javapath;C:\Program Files (x86)\Common Files\Oracle\Java\javapath;C:\WINDOWS\system32;C:\WINDOWS;C:\WINDOWS\System32\Wbem;C:\WINDOWS\System32\WindowsPowerShell\v1.0\;C:\WINDOWS\System32\OpenSSH\;C:\TDM-GCC-64\bin;C:\Program Files\MySQL\MySQL Server 8.0\bin;C:\Program Files\MongoDB\mongosh-1.10.1-win32-x64\bin;C:\Users\Harshavardhan\Downloads\SQLITE3;C:\Program Files\MySQL\MySQL Shell 8.0\bin\;C:\Users\Harshavardhan\AppData\Local\Microsoft\WindowsApps;C:\Dev-Cpp\mingw32\bin;C:\Users\Harshavardhan\OneDrive\Desktop\my compiler;C:\Users\Harshavardhan\OneDrive\Desktop\my compiler\flex-2.5.4a-1.exe;C:\Users\Harshavardhan\OneDrive\Desktop\my compiler\bison-2.4.1-setup.exe;C:\Users\Harshavardhan\OneDrive\Desktop\my compiler\Embarcadero Dev-C++.lnk;C:\Users\Harshavardhan\AppData\Local\Programs\Microsoft VS Code\bin;C:\Program Files\Java\jdk-21\bin;C:\Users\Harshavardhan\Downloads\flutter_windows_3.16.7-stable\flutter\bin;;C:\Users\Harshavardhan\Downloads\flutter_windows_3.16.7-stable\flutter\bin\mingit\cmd;C:\Users\Harshavardhan\Downloads\flutter_windows_3.16.7-stable\flutter\bin\mingit\cmd
USERNAME=Harshavardhan
OS=Windows_NT
PROCESSOR_IDENTIFIER=Intel64 Family 6 Model 140 Stepping 1, GenuineIntel
TMP=C:\Users\HARSHA~1\AppData\Local\Temp
TEMP=C:\Users\HARSHA~1\AppData\Local\Temp


JNI global refs:

[error occurred during error reporting (JNI global references), id 0xc0000005, EXCEPTION_ACCESS_VIOLATION (0xc0000005) at pc=0x00007ffd47517a10]


---------------  S Y S T E M  ---------------

OS:
 Windows 11 , 64 bit Build 22621 (10.0.22621.3235)
OS uptime: 0 days 2:06 hours

CPU: total 8 (initial active 8) (4 cores per cpu, 2 threads per core) family 6 model 140 stepping 1 microcode 0xac, cx8, cmov, fxsr, ht, mmx, 3dnowpref, sse, sse2, sse3, ssse3, sse4.1, sse4.2, popcnt, lzcnt, tsc, tscinvbit, avx, avx2, aes, erms, clmul, bmi1, bmi2, adx, avx512f, avx512dq, avx512cd, avx512bw, avx512vl, sha, fma, vzeroupper, avx512_vpopcntdq, avx512_vpclmulqdq, avx512_vaes, avx512_vnni, clflush, clflushopt, clwb, avx512_vbmi2, avx512_vbmi

Memory: 4k page, system-wide physical 7932M (396M free)
TotalPageFile size 14551M (AvailPageFile size 33M)
current process WorkingSet (physical memory assigned to process): 11M, peak: 11M
current process commit charge ("private bytes"): 60M, peak: 184M

vm_info: OpenJDK 64-Bit Server VM (17.0.6+0-b2043.56-10027231) for windows-amd64 JRE (17.0.6+0-b2043.56-10027231), built on Apr 28 2023 00:43:19 by "androidbuild" with MS VC++ 16.10 / 16.11 (VS2019)

END.
